Using pre-set license
Built from '2021.3/staging' branch; Version is '2021.3.16f1 (4016570cf34f) revision 4200023'; Using compiler version '192829333'; Build Type 'Release'
OS: 'Windows 11  (10.0.22621) 64bit Core' Language: 'en' Physical Memory: 16137 MB
BatchMode: 1, IsHumanControllingUs: 0, StartBugReporterOnCrash: 0, Is64bit: 1, IsPro: 1

COMMAND LINE ARGUMENTS:
C:\Program Files\Unity\Hub\Editor\2021.3.16f1\Editor\Unity.exe
-adb2
-batchMode
-noUpm
-name
AssetImportWorker0
-projectPath
C:/Users/miche/GreatVRCookOff
-logFile
Logs/AssetImportWorker0.log
-srvPort
64338
Successfully changed project path to: C:/Users/miche/GreatVRCookOff
C:/Users/miche/GreatVRCookOff
[UnityMemory] Configuration Parameters - Can be set up in boot.config
    "memorysetup-bucket-allocator-granularity=16"
    "memorysetup-bucket-allocator-bucket-count=8"
    "memorysetup-bucket-allocator-block-size=33554432"
    "memorysetup-bucket-allocator-block-count=8"
    "memorysetup-main-allocator-block-size=16777216"
    "memorysetup-thread-allocator-block-size=16777216"
    "memorysetup-gfx-main-allocator-block-size=16777216"
    "memorysetup-gfx-thread-allocator-block-size=16777216"
    "memorysetup-cache-allocator-block-size=4194304"
    "memorysetup-typetree-allocator-block-size=2097152"
    "memorysetup-profiler-bucket-allocator-granularity=16"
    "memorysetup-profiler-bucket-allocator-bucket-count=8"
    "memorysetup-profiler-bucket-allocator-block-size=33554432"
    "memorysetup-profiler-bucket-allocator-block-count=8"
    "memorysetup-profiler-allocator-block-size=16777216"
    "memorysetup-profiler-editor-allocator-block-size=1048576"
    "memorysetup-temp-allocator-size-main=16777216"
    "memorysetup-job-temp-allocator-block-size=2097152"
    "memorysetup-job-temp-allocator-block-size-background=1048576"
    "memorysetup-job-temp-allocator-reduction-small-platforms=262144"
    "memorysetup-temp-allocator-size-background-worker=32768"
    "memorysetup-temp-allocator-size-job-worker=262144"
    "memorysetup-temp-allocator-size-preload-manager=33554432"
    "memorysetup-temp-allocator-size-nav-mesh-worker=65536"
    "memorysetup-temp-allocator-size-audio-worker=65536"
    "memorysetup-temp-allocator-size-cloud-worker=32768"
    "memorysetup-temp-allocator-size-gi-baking-worker=262144"
    "memorysetup-temp-allocator-size-gfx=262144"
Player connection [28564] Host "[IP] 192.168.86.22 [Port] 0 [Flags] 2 [Guid] 2694635194 [EditorId] 2694635194 [Version] 1048832 [Id] WindowsEditor(7,DESKTOP-IR6ASEI) [Debug] 1 [PackageName] WindowsEditor [ProjectName] Editor" joined multi-casting on [225.0.0.222:54997]...

Player connection [28564] Host "[IP] 192.168.86.22 [Port] 0 [Flags] 2 [Guid] 2694635194 [EditorId] 2694635194 [Version] 1048832 [Id] WindowsEditor(7,DESKTOP-IR6ASEI) [Debug] 1 [PackageName] WindowsEditor [ProjectName] Editor" joined alternative multi-casting on [225.0.0.222:34997]...

Refreshing native plugins compatible for Editor in 83.35 ms, found 3 plugins.
Preloading 0 native plugins for Editor in 0.00 ms.
Initialize engine version: 2021.3.16f1 (4016570cf34f)
[Subsystems] Discovering subsystems at path C:/Program Files/Unity/Hub/Editor/2021.3.16f1/Editor/Data/Resources/UnitySubsystems
[Subsystems] Discovering subsystems at path C:/Users/miche/GreatVRCookOff/Assets
GfxDevice: creating device client; threaded=0; jobified=0
Direct3D:
    Version:  Direct3D 11.0 [level 11.1]
    Renderer: NVIDIA GeForce MX250 (ID=0x1d13)
    Vendor:   NVIDIA
    VRAM:     4026 MB
    Driver:   31.0.15.2656
Initialize mono
Mono path[0] = 'C:/Program Files/Unity/Hub/Editor/2021.3.16f1/Editor/Data/Managed'
Mono path[1] = 'C:/Program Files/Unity/Hub/Editor/2021.3.16f1/Editor/Data/MonoBleedingEdge/lib/mono/unityjit-win32'
Mono config path = 'C:/Program Files/Unity/Hub/Editor/2021.3.16f1/Editor/Data/MonoBleedingEdge/etc'
Using monoOptions --debugger-agent=transport=dt_socket,embedding=1,server=y,suspend=n,address=127.0.0.1:56280
Begin MonoManager ReloadAssembly
Registering precompiled unity dll's ...
Register platform support module: C:/Program Files/Unity/Hub/Editor/2021.3.16f1/Editor/Data/PlaybackEngines/AndroidPlayer/UnityEditor.Android.Extensions.dll
Register platform support module: C:/Program Files/Unity/Hub/Editor/2021.3.16f1/Editor/Data/PlaybackEngines/WindowsStandaloneSupport/UnityEditor.WindowsStandalone.Extensions.dll
Registered in 0.004404 seconds.
Native extension for WindowsStandalone target not found
Native extension for Android target not found
Refreshing native plugins compatible for Editor in 84.54 ms, found 3 plugins.
Preloading 0 native plugins for Editor in 0.00 ms.
Mono: successfully reloaded assembly
- Completed reload, in  0.610 seconds
Domain Reload Profiling:
	ReloadAssembly (611ms)
		BeginReloadAssembly (61ms)
			ExecutionOrderSort (0ms)
			DisableScriptedObjects (0ms)
			BackupInstance (0ms)
			ReleaseScriptingObjects (0ms)
			CreateAndSetChildDomain (1ms)
		EndReloadAssembly (450ms)
			LoadAssemblies (59ms)
			RebuildTransferFunctionScriptingTraits (0ms)
			SetupTypeCache (100ms)
			ReleaseScriptCaches (0ms)
			RebuildScriptCaches (27ms)
			SetupLoadedEditorAssemblies (276ms)
				LogAssemblyErrors (0ms)
				InitializePlatformSupportModulesInManaged (49ms)
				SetLoadedEditorAssemblies (0ms)
				RefreshPlugins (85ms)
				BeforeProcessingInitializeOnLoad (1ms)
				ProcessInitializeOnLoadAttributes (98ms)
				ProcessInitializeOnLoadMethodAttributes (43ms)
				AfterProcessingInitializeOnLoad (0ms)
				EditorAssembliesLoaded (0ms)
			ExecutionOrderSort2 (0ms)
			AwakeInstancesAfterBackupRestoration (0ms)
Platform modules already initialized, skipping
Registering precompiled user dll's ...
Registered in 0.004300 seconds.
Begin MonoManager ReloadAssembly
Symbol file LoadedFromMemory doesn't match image C:\Users\miche\GreatVRCookOff\Library\PackageCache\com.unity.visualscripting@1.7.8\Editor\VisualScripting.Core\Dependencies\YamlDotNet\Unity.VisualScripting.YamlDotNet.dll
Symbol file LoadedFromMemory doesn't match image C:\Users\miche\GreatVRCookOff\Library\PackageCache\com.unity.visualscripting@1.7.8\Editor\VisualScripting.Core\Dependencies\DotNetZip\Unity.VisualScripting.IonicZip.dll
Native extension for WindowsStandalone target not found
Native extension for Android target not found
Refreshing native plugins compatible for Editor in 0.73 ms, found 3 plugins.
Preloading 0 native plugins for Editor in 0.00 ms.
Package Manager log level set to [2]
Mono: successfully reloaded assembly
- Completed reload, in  1.155 seconds
Domain Reload Profiling:
	ReloadAssembly (1158ms)
		BeginReloadAssembly (254ms)
			ExecutionOrderSort (0ms)
			DisableScriptedObjects (6ms)
			BackupInstance (0ms)
			ReleaseScriptingObjects (0ms)
			CreateAndSetChildDomain (166ms)
		EndReloadAssembly (791ms)
			LoadAssemblies (77ms)
			RebuildTransferFunctionScriptingTraits (0ms)
			SetupTypeCache (260ms)
			ReleaseScriptCaches (1ms)
			RebuildScriptCaches (47ms)
			SetupLoadedEditorAssemblies (366ms)
				LogAssemblyErrors (0ms)
				InitializePlatformSupportModulesInManaged (13ms)
				SetLoadedEditorAssemblies (0ms)
				RefreshPlugins (1ms)
				BeforeProcessingInitializeOnLoad (82ms)
				ProcessInitializeOnLoadAttributes (242ms)
				ProcessInitializeOnLoadMethodAttributes (22ms)
				AfterProcessingInitializeOnLoad (5ms)
				EditorAssembliesLoaded (0ms)
			ExecutionOrderSort2 (0ms)
			AwakeInstancesAfterBackupRestoration (5ms)
Platform modules already initialized, skipping
========================================================================
Worker process is ready to serve import requests
Launched and connected shader compiler UnityShaderCompiler.exe after 0.03 seconds
Refreshing native plugins compatible for Editor in 0.80 ms, found 3 plugins.
Preloading 0 native plugins for Editor in 0.00 ms.
Unloading 3482 Unused Serialized files (Serialized files now loaded: 0)
Unloading 26 unused Assets / (57.3 KB). Loaded Objects now: 3955.
Memory consumption went from 126.9 MB to 126.8 MB.
Total: 2.681700 ms (FindLiveObjects: 0.264200 ms CreateObjectMapping: 0.208800 ms MarkObjects: 2.112000 ms  DeleteObjects: 0.095300 ms)

AssetImportParameters requested are different than current active one (requested -> active):
  custom:video-decoder-ogg-theora: a1e56fd34408186e4bbccfd4996cb3dc -> 
  custom:container-muxer-webm: aa71ff27fc2769a1b78a27578f13a17b -> 
  custom:container-demuxer-webm: 4f35f7cbe854078d1ac9338744f61a02 -> 
  custom:video-encoder-webm-vp8: eb34c28f22e8b96e1ab97ce403110664 -> 
  custom:video-codec-MediaFoundation-h265: 746d11721c4dcdbdad8f713fa42b33f4 -> 
  custom:audio-encoder-webm-vorbis: bf7c407c2cedff20999df2af8eb42d56 -> 
  custom:framework-win-MediaFoundation: 216162199b28c13a410421893ffa2e32 -> 
  custom:container-demuxer-ogg: 62fdf1f143b41e24485cea50d1cbac27 -> 
  custom:video-decoder-webm-vp8: 9c59270c3fd7afecdb556c50c9e8de78 -> 
  custom:audio-decoder-ogg-vorbis: bf7c407c2cedff20999df2af8eb42d56 -> 
========================================================================
Received Import Request.
  Time since last request: 1055156.401657 seconds.
  path: Assets/Floor materials pack/Material/Floor_2.mat
  artifactKey: Guid(42fc5aaea7c054e35b5bb23039ed8186) Importer(815301076,1909f56bfc062723c751e8b465ee728b)
Start importing Assets/Floor materials pack/Material/Floor_2.mat using Guid(42fc5aaea7c054e35b5bb23039ed8186) Importer(815301076,1909f56bfc062723c751e8b465ee728b)  -> (artifact id: 'dacca7d20801214258d6e9b9ca4f8c16') in 0.141006 seconds 
========================================================================
Received Import Request.
  Time since last request: 0.000018 seconds.
  path: Assets/Floor materials pack/Scenes
  artifactKey: Guid(677eaef06acf34b1fbc8db6c1ffefb24) Importer(815301076,1909f56bfc062723c751e8b465ee728b)
Start importing Assets/Floor materials pack/Scenes using Guid(677eaef06acf34b1fbc8db6c1ffefb24) Importer(815301076,1909f56bfc062723c751e8b465ee728b)  -> (artifact id: 'b15d87133b48f359bbfec9b8e5382e1d') in 0.007474 seconds 
========================================================================
Received Import Request.
  Time since last request: 12.675434 seconds.
  path: Assets/Kitchen/Package04_Free_Kitchen/FreeKitchen/Models
  artifactKey: Guid(67c522da85bda42609f5bc27f6dfafe1) Importer(815301076,1909f56bfc062723c751e8b465ee728b)
Start importing Assets/Kitchen/Package04_Free_Kitchen/FreeKitchen/Models using Guid(67c522da85bda42609f5bc27f6dfafe1) Importer(815301076,1909f56bfc062723c751e8b465ee728b)  -> (artifact id: 'e549c6574f7149342c6a072241745bf3') in 0.010694 seconds 
========================================================================
Received Import Request.
  Time since last request: 0.079339 seconds.
  path: Assets/Kitchen/Package04_Free_Kitchen/FreeKitchen/Models/FreeBowl01.fbx
  artifactKey: Guid(8f04299fce5804de899d83d33b03de23) Importer(815301076,1909f56bfc062723c751e8b465ee728b)
Start importing Assets/Kitchen/Package04_Free_Kitchen/FreeKitchen/Models/FreeBowl01.fbx using Guid(8f04299fce5804de899d83d33b03de23) Importer(815301076,1909f56bfc062723c751e8b465ee728b)  -> (artifact id: '55636ff5e11f8883d9e4555c782b8253') in 0.115761 seconds 
========================================================================
Received Import Request.
  Time since last request: 0.000025 seconds.
  path: Assets/Kitchen/Package04_Free_Kitchen/FreeKitchen/Models/FreeToaster.fbx
  artifactKey: Guid(a4595afe082c14292a6a0728f327f0a9) Importer(815301076,1909f56bfc062723c751e8b465ee728b)
Start importing Assets/Kitchen/Package04_Free_Kitchen/FreeKitchen/Models/FreeToaster.fbx using Guid(a4595afe082c14292a6a0728f327f0a9) Importer(815301076,1909f56bfc062723c751e8b465ee728b)  -> (artifact id: '71ef77e3fe2e09de4b479b2fc725cfe5') in 0.105874 seconds 
========================================================================
Received Import Request.
  Time since last request: 0.000031 seconds.
  path: Assets/Kitchen/Package04_Free_Kitchen/FreeKitchen/Models/FreeStove.fbx
  artifactKey: Guid(37b9e3ececa8e40bdb666179779b2ba2) Importer(815301076,1909f56bfc062723c751e8b465ee728b)
Start importing Assets/Kitchen/Package04_Free_Kitchen/FreeKitchen/Models/FreeStove.fbx using Guid(37b9e3ececa8e40bdb666179779b2ba2) Importer(815301076,1909f56bfc062723c751e8b465ee728b)  -> (artifact id: '7e1018716c3cec75322844163264e534') in 0.104148 seconds 
========================================================================
Received Import Request.
  Time since last request: 0.000034 seconds.
  path: Assets/Kitchen/Package04_Free_Kitchen/FreeKitchen/Models/FreePepperShaker.fbx
  artifactKey: Guid(e3af1426604bc4658ad1bf97b58573d8) Importer(815301076,1909f56bfc062723c751e8b465ee728b)
Start importing Assets/Kitchen/Package04_Free_Kitchen/FreeKitchen/Models/FreePepperShaker.fbx using Guid(e3af1426604bc4658ad1bf97b58573d8) Importer(815301076,1909f56bfc062723c751e8b465ee728b)  -> (artifact id: '6d6683a9fa65bc2c4e334ab46a2a96b1') in 0.047682 seconds 
========================================================================
Received Import Request.
  Time since last request: 0.000022 seconds.
  path: Assets/Kitchen/Package04_Free_Kitchen/FreeKitchen/Models/FreeSpatula02.fbx
  artifactKey: Guid(a247d2de4e8ff417bb4477b110339452) Importer(815301076,1909f56bfc062723c751e8b465ee728b)
Start importing Assets/Kitchen/Package04_Free_Kitchen/FreeKitchen/Models/FreeSpatula02.fbx using Guid(a247d2de4e8ff417bb4477b110339452) Importer(815301076,1909f56bfc062723c751e8b465ee728b)  -> (artifact id: '454bbc94f4fa16061e2021a533ba6199') in 0.034989 seconds 
========================================================================
Received Import Request.
  Time since last request: 0.000019 seconds.
  path: Assets/Kitchen/Package04_Free_Kitchen/FreeKitchen/Models/FreeLampPart.fbx
  artifactKey: Guid(48f96a3c2604f4637aac7bf57cf24238) Importer(815301076,1909f56bfc062723c751e8b465ee728b)
Start importing Assets/Kitchen/Package04_Free_Kitchen/FreeKitchen/Models/FreeLampPart.fbx using Guid(48f96a3c2604f4637aac7bf57cf24238) Importer(815301076,1909f56bfc062723c751e8b465ee728b)  -> (artifact id: '521d989e2e07160d4c626093f933c007') in 0.036937 seconds 
========================================================================
Received Import Request.
  Time since last request: 0.000026 seconds.
  path: Assets/Kitchen/Package04_Free_Kitchen/FreeKitchen/Models/FreeMirkowave.fbx
  artifactKey: Guid(b8ebfe305189541c599cfac2c3f6ee68) Importer(815301076,1909f56bfc062723c751e8b465ee728b)
Start importing Assets/Kitchen/Package04_Free_Kitchen/FreeKitchen/Models/FreeMirkowave.fbx using Guid(b8ebfe305189541c599cfac2c3f6ee68) Importer(815301076,1909f56bfc062723c751e8b465ee728b)  -> (artifact id: '93641624fdbb9a3d1ea987fcdc60518a') in 0.056674 seconds 
========================================================================
Received Import Request.
  Time since last request: 0.000031 seconds.
  path: Assets/Kitchen/Package04_Free_Kitchen/FreeKitchen/Models/FreeCabinet02.fbx
  artifactKey: Guid(0d30ee00960d341658b4d224edd6c6f2) Importer(815301076,1909f56bfc062723c751e8b465ee728b)
Start importing Assets/Kitchen/Package04_Free_Kitchen/FreeKitchen/Models/FreeCabinet02.fbx using Guid(0d30ee00960d341658b4d224edd6c6f2) Importer(815301076,1909f56bfc062723c751e8b465ee728b)  -> (artifact id: '7625fe7e99a6a2a5f0f9e938b6b4586d') in 0.090015 seconds 
========================================================================
Received Import Request.
  Time since last request: 0.000021 seconds.
  path: Assets/Kitchen/Package04_Free_Kitchen/FreeKitchen/Models/FreeVase.fbx
  artifactKey: Guid(ed6105ec8aa2a4c9282c15aa8f7e91e4) Importer(815301076,1909f56bfc062723c751e8b465ee728b)
Start importing Assets/Kitchen/Package04_Free_Kitchen/FreeKitchen/Models/FreeVase.fbx using Guid(ed6105ec8aa2a4c9282c15aa8f7e91e4) Importer(815301076,1909f56bfc062723c751e8b465ee728b)  -> (artifact id: '1f0085b1a891990d322c790842cbb752') in 0.034762 seconds 
========================================================================
Received Import Request.
  Time since last request: 0.000024 seconds.
  path: Assets/Kitchen/Package04_Free_Kitchen/FreeKitchen/Models/FreeSpatula03.fbx
  artifactKey: Guid(6d5a0e8dc92984c4e93c7a59dbc69297) Importer(815301076,1909f56bfc062723c751e8b465ee728b)
Start importing Assets/Kitchen/Package04_Free_Kitchen/FreeKitchen/Models/FreeSpatula03.fbx using Guid(6d5a0e8dc92984c4e93c7a59dbc69297) Importer(815301076,1909f56bfc062723c751e8b465ee728b)  -> (artifact id: '5eb62e88dd9f0ed1b2242731c1b32371') in 0.032997 seconds 
========================================================================
Received Import Request.
  Time since last request: 0.000021 seconds.
  path: Assets/Kitchen/Package04_Free_Kitchen/FreeKitchen/Models/FreeCarpet.fbx
  artifactKey: Guid(4dfa891e474b549bbb7e88914a5713e6) Importer(815301076,1909f56bfc062723c751e8b465ee728b)
Start importing Assets/Kitchen/Package04_Free_Kitchen/FreeKitchen/Models/FreeCarpet.fbx using Guid(4dfa891e474b549bbb7e88914a5713e6) Importer(815301076,1909f56bfc062723c751e8b465ee728b)  -> (artifact id: 'fb23d1d234ddb26474f9ecb0e9d7f46d') in 0.038231 seconds 
========================================================================
Received Import Request.
  Time since last request: 0.000030 seconds.
  path: Assets/Kitchen/Package04_Free_Kitchen/FreeKitchen/Models/Items.fbx
  artifactKey: Guid(ebfa493e4f0bc486fb83a43c8d58dc53) Importer(815301076,1909f56bfc062723c751e8b465ee728b)
Start importing Assets/Kitchen/Package04_Free_Kitchen/FreeKitchen/Models/Items.fbx using Guid(ebfa493e4f0bc486fb83a43c8d58dc53) Importer(815301076,1909f56bfc062723c751e8b465ee728b)  -> (artifact id: '4f4a56785657fbceecb5f7560a9dd070') in 0.032434 seconds 
========================================================================
Received Import Request.
  Time since last request: 0.000040 seconds.
  path: Assets/Kitchen/Package04_Free_Kitchen/FreeKitchen/Models/FreeCabinet03_DrawerBig.fbx
  artifactKey: Guid(d1c98a9ae66fa4a35818bf0bdc74e7eb) Importer(815301076,1909f56bfc062723c751e8b465ee728b)
Start importing Assets/Kitchen/Package04_Free_Kitchen/FreeKitchen/Models/FreeCabinet03_DrawerBig.fbx using Guid(d1c98a9ae66fa4a35818bf0bdc74e7eb) Importer(815301076,1909f56bfc062723c751e8b465ee728b)  -> (artifact id: '309220614151053d4e12a16b87c6b569') in 0.090018 seconds 
========================================================================
Received Import Request.
  Time since last request: 0.000020 seconds.
  path: Assets/Kitchen/Package04_Free_Kitchen/FreeKitchen/Models/FreeCup.fbx
  artifactKey: Guid(e4d59ee7dc3c14991819cb18722aa122) Importer(815301076,1909f56bfc062723c751e8b465ee728b)
Start importing Assets/Kitchen/Package04_Free_Kitchen/FreeKitchen/Models/FreeCup.fbx using Guid(e4d59ee7dc3c14991819cb18722aa122) Importer(815301076,1909f56bfc062723c751e8b465ee728b)  -> (artifact id: '48e35ba99145187249156f3ae8e97019') in 0.045995 seconds 
========================================================================
Received Import Request.
  Time since last request: 0.000024 seconds.
  path: Assets/Kitchen/Package04_Free_Kitchen/FreeKitchen/Models/FreeCabinet03.fbx
  artifactKey: Guid(965726bb3b2db4202a03b91e27528d39) Importer(815301076,1909f56bfc062723c751e8b465ee728b)
Start importing Assets/Kitchen/Package04_Free_Kitchen/FreeKitchen/Models/FreeCabinet03.fbx using Guid(965726bb3b2db4202a03b91e27528d39) Importer(815301076,1909f56bfc062723c751e8b465ee728b)  -> (artifact id: '0bcb2069695d24454b497daf855f839a') in 0.039849 seconds 
========================================================================
Received Import Request.
  Time since last request: 0.000020 seconds.
  path: Assets/Kitchen/Package04_Free_Kitchen/FreeKitchen/Models/FreeSaltShaker.fbx
  artifactKey: Guid(767732067732c4984919920f17e43be6) Importer(815301076,1909f56bfc062723c751e8b465ee728b)
Start importing Assets/Kitchen/Package04_Free_Kitchen/FreeKitchen/Models/FreeSaltShaker.fbx using Guid(767732067732c4984919920f17e43be6) Importer(815301076,1909f56bfc062723c751e8b465ee728b)  -> (artifact id: '578812f9fdf77103425caceb26c97254') in 0.039048 seconds 
========================================================================
Received Import Request.
  Time since last request: 0.000033 seconds.
  path: Assets/Kitchen/Package04_Free_Kitchen/FreeKitchen/Models/FreeCabinet02_DrawerSmall.fbx
  artifactKey: Guid(ac039d90cb5844685919504da1ddf727) Importer(815301076,1909f56bfc062723c751e8b465ee728b)
Start importing Assets/Kitchen/Package04_Free_Kitchen/FreeKitchen/Models/FreeCabinet02_DrawerSmall.fbx using Guid(ac039d90cb5844685919504da1ddf727) Importer(815301076,1909f56bfc062723c751e8b465ee728b)  -> (artifact id: '95534280a6e0995c7a968171d14b6268') in 0.040052 seconds 
========================================================================
Received Import Request.
  Time since last request: 0.000029 seconds.
  path: Assets/Kitchen/Package04_Free_Kitchen/FreeKitchen/Models/FreeCabinet01_DoorLeft.fbx
  artifactKey: Guid(665d38aa7cbdb44158a5b4b71567bb13) Importer(815301076,1909f56bfc062723c751e8b465ee728b)
Start importing Assets/Kitchen/Package04_Free_Kitchen/FreeKitchen/Models/FreeCabinet01_DoorLeft.fbx using Guid(665d38aa7cbdb44158a5b4b71567bb13) Importer(815301076,1909f56bfc062723c751e8b465ee728b)  -> (artifact id: 'b3a417f6bf785ca6a654e37b5338219b') in 0.040331 seconds 
========================================================================
Received Import Request.
  Time since last request: 8.731055 seconds.
  path: Assets/Kitchen/Package04_Free_Kitchen/FreeKitchen/Prefabs/Version02
  artifactKey: Guid(7252025761b02475eadaf4a644e1696c) Importer(815301076,1909f56bfc062723c751e8b465ee728b)
Start importing Assets/Kitchen/Package04_Free_Kitchen/FreeKitchen/Prefabs/Version02 using Guid(7252025761b02475eadaf4a644e1696c) Importer(815301076,1909f56bfc062723c751e8b465ee728b)  -> (artifact id: '8253c2479dd43f1d16708aea3d3af614') in 0.011572 seconds 
========================================================================
Received Import Request.
  Time since last request: 0.311166 seconds.
  path: Assets/Kitchen/Package04_Free_Kitchen/FreeKitchen/Prefabs/Version02/Cabinet01WithEquipment.prefab
  artifactKey: Guid(7734db661ffff4dc9ab2fb743c270b77) Importer(815301076,1909f56bfc062723c751e8b465ee728b)
Start importing Assets/Kitchen/Package04_Free_Kitchen/FreeKitchen/Prefabs/Version02/Cabinet01WithEquipment.prefab using Guid(7734db661ffff4dc9ab2fb743c270b77) Importer(815301076,1909f56bfc062723c751e8b465ee728b)  -> (artifact id: '94596fc61853b11b6f66f4b35004022a') in 0.147878 seconds 
========================================================================
Received Import Request.
  Time since last request: 0.000028 seconds.
  path: Assets/Kitchen/Package04_Free_Kitchen/FreeKitchen/Prefabs/Version02/FreeMirkowave.prefab
  artifactKey: Guid(cf83354aee1a94671a764d7daa176555) Importer(815301076,1909f56bfc062723c751e8b465ee728b)
Start importing Assets/Kitchen/Package04_Free_Kitchen/FreeKitchen/Prefabs/Version02/FreeMirkowave.prefab using Guid(cf83354aee1a94671a764d7daa176555) Importer(815301076,1909f56bfc062723c751e8b465ee728b)  -> (artifact id: '0601b8b56247b759e2a0e4aa86852c02') in 0.021250 seconds 
========================================================================
Received Import Request.
  Time since last request: 0.000031 seconds.
  path: Assets/Kitchen/Package04_Free_Kitchen/FreeKitchen/Prefabs/Version02/FreeCabinet03_DrawerBig.prefab
  artifactKey: Guid(c0adec9f6a2d84c79bff54e8417e3cf6) Importer(815301076,1909f56bfc062723c751e8b465ee728b)
Start importing Assets/Kitchen/Package04_Free_Kitchen/FreeKitchen/Prefabs/Version02/FreeCabinet03_DrawerBig.prefab using Guid(c0adec9f6a2d84c79bff54e8417e3cf6) Importer(815301076,1909f56bfc062723c751e8b465ee728b)  -> (artifact id: 'fa0905fc9225d9c63c401c2edabb5ec3') in 0.033890 seconds 
========================================================================
Received Import Request.
  Time since last request: 0.000019 seconds.
  path: Assets/Kitchen/Package04_Free_Kitchen/FreeKitchen/Prefabs/Version02/ShelfWithEquipment02.prefab
  artifactKey: Guid(6617f31a484b648878d478db800ec3ca) Importer(815301076,1909f56bfc062723c751e8b465ee728b)
Start importing Assets/Kitchen/Package04_Free_Kitchen/FreeKitchen/Prefabs/Version02/ShelfWithEquipment02.prefab using Guid(6617f31a484b648878d478db800ec3ca) Importer(815301076,1909f56bfc062723c751e8b465ee728b)  -> (artifact id: '1e927baecfe214e34b316c3e865a1108') in 0.040856 seconds 
========================================================================
Received Import Request.
  Time since last request: 0.000067 seconds.
  path: Assets/Kitchen/Package04_Free_Kitchen/FreeKitchen/Prefabs/Version02/FreePotBig.prefab
  artifactKey: Guid(35d3766b796fd4242b5f5eaf018ade79) Importer(815301076,1909f56bfc062723c751e8b465ee728b)
Start importing Assets/Kitchen/Package04_Free_Kitchen/FreeKitchen/Prefabs/Version02/FreePotBig.prefab using Guid(35d3766b796fd4242b5f5eaf018ade79) Importer(815301076,1909f56bfc062723c751e8b465ee728b)  -> (artifact id: 'bb5ff697c248702a82e4e0456e336757') in 0.020506 seconds 
========================================================================
Received Import Request.
  Time since last request: 0.000031 seconds.
  path: Assets/Kitchen/Package04_Free_Kitchen/FreeKitchen/Prefabs/Version02/FreeSaltShaker.prefab
  artifactKey: Guid(ab8f00381e0414a4cbbe04bcfc5e165b) Importer(815301076,1909f56bfc062723c751e8b465ee728b)
Start importing Assets/Kitchen/Package04_Free_Kitchen/FreeKitchen/Prefabs/Version02/FreeSaltShaker.prefab using Guid(ab8f00381e0414a4cbbe04bcfc5e165b) Importer(815301076,1909f56bfc062723c751e8b465ee728b)  -> (artifact id: '5871610aaf848b2f550237318c1b569f') in 0.023638 seconds 
========================================================================
Received Import Request.
  Time since last request: 0.000020 seconds.
  path: Assets/Kitchen/Package04_Free_Kitchen/FreeKitchen/Prefabs/Version02/FreePepperShaker.prefab
  artifactKey: Guid(51c217fc5967344cfbbdfe07d710b205) Importer(815301076,1909f56bfc062723c751e8b465ee728b)
Start importing Assets/Kitchen/Package04_Free_Kitchen/FreeKitchen/Prefabs/Version02/FreePepperShaker.prefab using Guid(51c217fc5967344cfbbdfe07d710b205) Importer(815301076,1909f56bfc062723c751e8b465ee728b)  -> (artifact id: 'b3e1b80b0a1c2caa8ab22b41ac9e4955') in 0.030653 seconds 
========================================================================
Received Import Request.
  Time since last request: 0.000028 seconds.
  path: Assets/Kitchen/Package04_Free_Kitchen/FreeKitchen/Prefabs/Version02/CoffeeMakerWithPlateCup.prefab
  artifactKey: Guid(f70a2109cab0142269e40146b9403157) Importer(815301076,1909f56bfc062723c751e8b465ee728b)
Start importing Assets/Kitchen/Package04_Free_Kitchen/FreeKitchen/Prefabs/Version02/CoffeeMakerWithPlateCup.prefab using Guid(f70a2109cab0142269e40146b9403157) Importer(815301076,1909f56bfc062723c751e8b465ee728b)  -> (artifact id: '78025499bf01b4828be3f781f55c0cbd') in 0.043909 seconds 
========================================================================
Received Import Request.
  Time since last request: 0.000028 seconds.
  path: Assets/Kitchen/Package04_Free_Kitchen/FreeKitchen/Prefabs/Version02/FreeCup02.prefab
  artifactKey: Guid(5b64ffed52e684b8fafddec7967f146c) Importer(815301076,1909f56bfc062723c751e8b465ee728b)
Start importing Assets/Kitchen/Package04_Free_Kitchen/FreeKitchen/Prefabs/Version02/FreeCup02.prefab using Guid(5b64ffed52e684b8fafddec7967f146c) Importer(815301076,1909f56bfc062723c751e8b465ee728b)  -> (artifact id: '088698b61cd44a06df8b33de5634e8d1') in 0.027644 seconds 
========================================================================
Received Import Request.
  Time since last request: 0.000036 seconds.
  path: Assets/Kitchen/Package04_Free_Kitchen/FreeKitchen/Prefabs/Version02/FreeTable.prefab
  artifactKey: Guid(062fa67609d464b08bea3b3ea97bd365) Importer(815301076,1909f56bfc062723c751e8b465ee728b)
Start importing Assets/Kitchen/Package04_Free_Kitchen/FreeKitchen/Prefabs/Version02/FreeTable.prefab using Guid(062fa67609d464b08bea3b3ea97bd365) Importer(815301076,1909f56bfc062723c751e8b465ee728b)  -> (artifact id: '9ced0f78182ef6c3d246214e88d005e5') in 0.024159 seconds 
========================================================================
Received Import Request.
  Time since last request: 0.000031 seconds.
  path: Assets/Kitchen/Package04_Free_Kitchen/FreeKitchen/Prefabs/Version02/FreeCabinet03.prefab
  artifactKey: Guid(dfa7877a09a8949199d86352f80adc8e) Importer(815301076,1909f56bfc062723c751e8b465ee728b)
Start importing Assets/Kitchen/Package04_Free_Kitchen/FreeKitchen/Prefabs/Version02/FreeCabinet03.prefab using Guid(dfa7877a09a8949199d86352f80adc8e) Importer(815301076,1909f56bfc062723c751e8b465ee728b)  -> (artifact id: 'aeea5c7fa81853d3b311f4f60a15d4ea') in 0.042093 seconds 
========================================================================
Received Import Request.
  Time since last request: 0.000020 seconds.
  path: Assets/Kitchen/Package04_Free_Kitchen/FreeKitchen/Prefabs/Version02/FreePotSmall.prefab
  artifactKey: Guid(6f89576732e5744ae89cf5fea5d03780) Importer(815301076,1909f56bfc062723c751e8b465ee728b)
Start importing Assets/Kitchen/Package04_Free_Kitchen/FreeKitchen/Prefabs/Version02/FreePotSmall.prefab using Guid(6f89576732e5744ae89cf5fea5d03780) Importer(815301076,1909f56bfc062723c751e8b465ee728b)  -> (artifact id: 'f099f3ddc780b090087b6cf4cd40418f') in 0.027359 seconds 
========================================================================
Received Import Request.
  Time since last request: 0.000033 seconds.
  path: Assets/Kitchen/Package04_Free_Kitchen/FreeKitchen/Prefabs/Version02/FreeSpatula01.prefab
  artifactKey: Guid(e20dcf65266bb432292b91dedd1a18a6) Importer(815301076,1909f56bfc062723c751e8b465ee728b)
Start importing Assets/Kitchen/Package04_Free_Kitchen/FreeKitchen/Prefabs/Version02/FreeSpatula01.prefab using Guid(e20dcf65266bb432292b91dedd1a18a6) Importer(815301076,1909f56bfc062723c751e8b465ee728b)  -> (artifact id: '4f28729ee7d959b2b7b86c182e73236a') in 0.036224 seconds 
========================================================================
Received Import Request.
  Time since last request: 0.000020 seconds.
  path: Assets/Kitchen/Package04_Free_Kitchen/FreeKitchen/Prefabs/Version02/FreeLamp.prefab
  artifactKey: Guid(c19f073b000e3437f998d7104fc8df79) Importer(815301076,1909f56bfc062723c751e8b465ee728b)
Start importing Assets/Kitchen/Package04_Free_Kitchen/FreeKitchen/Prefabs/Version02/FreeLamp.prefab using Guid(c19f073b000e3437f998d7104fc8df79) Importer(815301076,1909f56bfc062723c751e8b465ee728b)  -> (artifact id: 'f93f89aab805e5b855980a8d6c2ce707') in 0.032577 seconds 
========================================================================
Received Import Request.
  Time since last request: 0.000024 seconds.
  path: Assets/Kitchen/Package04_Free_Kitchen/FreeKitchen/Prefabs/Version02/FreeCoffeeMaker.prefab
  artifactKey: Guid(ba10e96e1442b4a489af249d3a66caff) Importer(815301076,1909f56bfc062723c751e8b465ee728b)
Start importing Assets/Kitchen/Package04_Free_Kitchen/FreeKitchen/Prefabs/Version02/FreeCoffeeMaker.prefab using Guid(ba10e96e1442b4a489af249d3a66caff) Importer(815301076,1909f56bfc062723c751e8b465ee728b)  -> (artifact id: '310118e05281c8933e05f5d29704f703') in 0.030039 seconds 
========================================================================
Received Import Request.
  Time since last request: 0.000023 seconds.
  path: Assets/Kitchen/Package04_Free_Kitchen/FreeKitchen/Prefabs/Version02/FreeRoom_Version02.prefab
  artifactKey: Guid(df50b00d653da4daeb7be587a0685c4d) Importer(815301076,1909f56bfc062723c751e8b465ee728b)
Start importing Assets/Kitchen/Package04_Free_Kitchen/FreeKitchen/Prefabs/Version02/FreeRoom_Version02.prefab using Guid(df50b00d653da4daeb7be587a0685c4d) Importer(815301076,1909f56bfc062723c751e8b465ee728b)  -> (artifact id: '3b190166bc6becc8555aebfed059f517') in 0.240082 seconds 
========================================================================
Received Import Request.
  Time since last request: 0.000040 seconds.
  path: Assets/Kitchen/Package04_Free_Kitchen/FreeKitchen/Prefabs/Version02/FreeRefrigerator.prefab
  artifactKey: Guid(8d5e9548b0e8c40808e15b9393d08ade) Importer(815301076,1909f56bfc062723c751e8b465ee728b)
Start importing Assets/Kitchen/Package04_Free_Kitchen/FreeKitchen/Prefabs/Version02/FreeRefrigerator.prefab using Guid(8d5e9548b0e8c40808e15b9393d08ade) Importer(815301076,1909f56bfc062723c751e8b465ee728b)  -> (artifact id: '4b6e5b7c35e41464d4850602676742ae') in 0.030379 seconds 
========================================================================
Received Import Request.
  Time since last request: 0.000029 seconds.
  path: Assets/Kitchen/Package04_Free_Kitchen/FreeKitchen/Prefabs/Version02/FreePlate.prefab
  artifactKey: Guid(bf93e4f85312c47809f52b78bde0ff28) Importer(815301076,1909f56bfc062723c751e8b465ee728b)
Start importing Assets/Kitchen/Package04_Free_Kitchen/FreeKitchen/Prefabs/Version02/FreePlate.prefab using Guid(bf93e4f85312c47809f52b78bde0ff28) Importer(815301076,1909f56bfc062723c751e8b465ee728b)  -> (artifact id: '163b698d42f897d4f1dfb62a460bd690') in 0.022274 seconds 
========================================================================
Received Import Request.
  Time since last request: 11.663785 seconds.
  path: Assets/Kitchen/Package04_Free_Kitchen/FreeKitchen/Textures
  artifactKey: Guid(158880bcce8534919b0e75f07176e4a5) Importer(815301076,1909f56bfc062723c751e8b465ee728b)
Start importing Assets/Kitchen/Package04_Free_Kitchen/FreeKitchen/Textures using Guid(158880bcce8534919b0e75f07176e4a5) Importer(815301076,1909f56bfc062723c751e8b465ee728b)  -> (artifact id: '66b35eb88c34ee38fe0fd7a49eac8d03') in 0.009883 seconds 
========================================================================
Received Import Request.
  Time since last request: 1.464323 seconds.
  path: Assets/Kitchen/Package04_Free_Kitchen/FreeKitchen/Textures/Version01
  artifactKey: Guid(8063bb2de70c1452698b142c018659a5) Importer(815301076,1909f56bfc062723c751e8b465ee728b)
Start importing Assets/Kitchen/Package04_Free_Kitchen/FreeKitchen/Textures/Version01 using Guid(8063bb2de70c1452698b142c018659a5) Importer(815301076,1909f56bfc062723c751e8b465ee728b)  -> (artifact id: '96fb393158556b29ccdb1b7c2a199a45') in 0.011680 seconds 
========================================================================
Received Import Request.
  Time since last request: 6.844222 seconds.
  path: Assets/Kitchen/Package04_Free_Kitchen/FreeKitchen/Scenes
  artifactKey: Guid(9feec11c4e6ca4eb6b02fd033d68b289) Importer(815301076,1909f56bfc062723c751e8b465ee728b)
Start importing Assets/Kitchen/Package04_Free_Kitchen/FreeKitchen/Scenes using Guid(9feec11c4e6ca4eb6b02fd033d68b289) Importer(815301076,1909f56bfc062723c751e8b465ee728b)  -> (artifact id: '6cc5e0a748aa016ed7c5bd6077d76413') in 0.005116 seconds 
========================================================================
Received Import Request.
  Time since last request: 2.355351 seconds.
  path: Assets/Kitchen/Package04_Free_Kitchen/FreeKitchen/Models/FreeBowl01.fbx
  artifactKey: Guid(8f04299fce5804de899d83d33b03de23) Importer(815301076,1909f56bfc062723c751e8b465ee728b)
Start importing Assets/Kitchen/Package04_Free_Kitchen/FreeKitchen/Models/FreeBowl01.fbx using Guid(8f04299fce5804de899d83d33b03de23) Importer(815301076,1909f56bfc062723c751e8b465ee728b)  -> (artifact id: '4004072732561da91875a6aa39602fbc') in 0.015829 seconds 
========================================================================
Received Import Request.
  Time since last request: 0.000021 seconds.
  path: Assets/Kitchen/Package04_Free_Kitchen/FreeKitchen/Models/FreeToaster.fbx
  artifactKey: Guid(a4595afe082c14292a6a0728f327f0a9) Importer(815301076,1909f56bfc062723c751e8b465ee728b)
Start importing Assets/Kitchen/Package04_Free_Kitchen/FreeKitchen/Models/FreeToaster.fbx using Guid(a4595afe082c14292a6a0728f327f0a9) Importer(815301076,1909f56bfc062723c751e8b465ee728b)  -> (artifact id: '767831cd9830b737b251f1ee30ab3262') in 0.019825 seconds 
========================================================================
Received Import Request.
  Time since last request: 0.000090 seconds.
  path: Assets/Kitchen/Package04_Free_Kitchen/FreeKitchen/Models/FreeStove.fbx
  artifactKey: Guid(37b9e3ececa8e40bdb666179779b2ba2) Importer(815301076,1909f56bfc062723c751e8b465ee728b)
Start importing Assets/Kitchen/Package04_Free_Kitchen/FreeKitchen/Models/FreeStove.fbx using Guid(37b9e3ececa8e40bdb666179779b2ba2) Importer(815301076,1909f56bfc062723c751e8b465ee728b)  -> (artifact id: '8f7cac3628f10f7a5a47b112c24c22dd') in 0.034888 seconds 
========================================================================
Received Import Request.
  Time since last request: 0.000019 seconds.
  path: Assets/Kitchen/Package04_Free_Kitchen/FreeKitchen/Models/FreeRefrigerator.fbx
  artifactKey: Guid(2b7c965ce965046faab61e0ccfefac3b) Importer(815301076,1909f56bfc062723c751e8b465ee728b)
Start importing Assets/Kitchen/Package04_Free_Kitchen/FreeKitchen/Models/FreeRefrigerator.fbx using Guid(2b7c965ce965046faab61e0ccfefac3b) Importer(815301076,1909f56bfc062723c751e8b465ee728b)  -> (artifact id: 'a3ff8273b662c981a42fa84ddce6cfe2') in 0.044859 seconds 
========================================================================
Received Import Request.
  Time since last request: 0.000022 seconds.
  path: Assets/Kitchen/Package04_Free_Kitchen/FreeKitchen/Models/FreeLampPart.fbx
  artifactKey: Guid(48f96a3c2604f4637aac7bf57cf24238) Importer(815301076,1909f56bfc062723c751e8b465ee728b)
Start importing Assets/Kitchen/Package04_Free_Kitchen/FreeKitchen/Models/FreeLampPart.fbx using Guid(48f96a3c2604f4637aac7bf57cf24238) Importer(815301076,1909f56bfc062723c751e8b465ee728b)  -> (artifact id: '1dd78619354443f79fb1735788bd246d') in 0.017044 seconds 
========================================================================
Received Import Request.
  Time since last request: 0.000030 seconds.
  path: Assets/Kitchen/Package04_Free_Kitchen/FreeKitchen/Models/FreeMirkowave.fbx
  artifactKey: Guid(b8ebfe305189541c599cfac2c3f6ee68) Importer(815301076,1909f56bfc062723c751e8b465ee728b)
Start importing Assets/Kitchen/Package04_Free_Kitchen/FreeKitchen/Models/FreeMirkowave.fbx using Guid(b8ebfe305189541c599cfac2c3f6ee68) Importer(815301076,1909f56bfc062723c751e8b465ee728b)  -> (artifact id: '3eaac2913957f096ea88b15a2ebeda56') in 0.035795 seconds 
========================================================================
Received Import Request.
  Time since last request: 0.000053 seconds.
  path: Assets/Kitchen/Package04_Free_Kitchen/FreeKitchen/Models/FreeSpatula01.fbx
  artifactKey: Guid(16128ced3944249c992ef2795398ca3a) Importer(815301076,1909f56bfc062723c751e8b465ee728b)
Start importing Assets/Kitchen/Package04_Free_Kitchen/FreeKitchen/Models/FreeSpatula01.fbx using Guid(16128ced3944249c992ef2795398ca3a) Importer(815301076,1909f56bfc062723c751e8b465ee728b)  -> (artifact id: 'f0c5ed6b55869effc870acea52e24191') in 0.021117 seconds 
========================================================================
Received Import Request.
  Time since last request: 0.000023 seconds.
  path: Assets/Kitchen/Package04_Free_Kitchen/FreeKitchen/Models/FreeVase.fbx
  artifactKey: Guid(ed6105ec8aa2a4c9282c15aa8f7e91e4) Importer(815301076,1909f56bfc062723c751e8b465ee728b)
Start importing Assets/Kitchen/Package04_Free_Kitchen/FreeKitchen/Models/FreeVase.fbx using Guid(ed6105ec8aa2a4c9282c15aa8f7e91e4) Importer(815301076,1909f56bfc062723c751e8b465ee728b)  -> (artifact id: '93297075dd6555392aa1dec02e55b986') in 0.018149 seconds 
========================================================================
Received Import Request.
  Time since last request: 0.000046 seconds.
  path: Assets/Kitchen/Package04_Free_Kitchen/FreeKitchen/Models/FreeSpatula03.fbx
  artifactKey: Guid(6d5a0e8dc92984c4e93c7a59dbc69297) Importer(815301076,1909f56bfc062723c751e8b465ee728b)
Start importing Assets/Kitchen/Package04_Free_Kitchen/FreeKitchen/Models/FreeSpatula03.fbx using Guid(6d5a0e8dc92984c4e93c7a59dbc69297) Importer(815301076,1909f56bfc062723c751e8b465ee728b)  -> (artifact id: '0866004e022e05f0da2c15e7ead98e3c') in 0.018997 seconds 
========================================================================
Received Import Request.
  Time since last request: 0.000036 seconds.
  path: Assets/Kitchen/Package04_Free_Kitchen/FreeKitchen/Models/FreePotBig.fbx
  artifactKey: Guid(acce37bfef401453e92444b207aaeb59) Importer(815301076,1909f56bfc062723c751e8b465ee728b)
Start importing Assets/Kitchen/Package04_Free_Kitchen/FreeKitchen/Models/FreePotBig.fbx using Guid(acce37bfef401453e92444b207aaeb59) Importer(815301076,1909f56bfc062723c751e8b465ee728b)  -> (artifact id: '39602b47ad8e202d83607a3a98471ba2') in 0.035186 seconds 
========================================================================
Received Import Request.
  Time since last request: 0.000029 seconds.
  path: Assets/Kitchen/Package04_Free_Kitchen/FreeKitchen/Models/FreePotSmall.fbx
  artifactKey: Guid(3e4f1f36d48bc48bf9375ae3198a0f86) Importer(815301076,1909f56bfc062723c751e8b465ee728b)
Start importing Assets/Kitchen/Package04_Free_Kitchen/FreeKitchen/Models/FreePotSmall.fbx using Guid(3e4f1f36d48bc48bf9375ae3198a0f86) Importer(815301076,1909f56bfc062723c751e8b465ee728b)  -> (artifact id: '69acc36a8d95d91911a30186e60580ec') in 0.020840 seconds 
========================================================================
Received Import Request.
  Time since last request: 0.000023 seconds.
  path: Assets/Kitchen/Package04_Free_Kitchen/FreeKitchen/Models/FreeTable.fbx
  artifactKey: Guid(9040cbe13a7804fc488052de53602ff8) Importer(815301076,1909f56bfc062723c751e8b465ee728b)
Start importing Assets/Kitchen/Package04_Free_Kitchen/FreeKitchen/Models/FreeTable.fbx using Guid(9040cbe13a7804fc488052de53602ff8) Importer(815301076,1909f56bfc062723c751e8b465ee728b)  -> (artifact id: 'e392b45df44abb1774be6627aca8cb70') in 0.019548 seconds 
========================================================================
Received Import Request.
  Time since last request: 0.000030 seconds.
  path: Assets/Kitchen/Package04_Free_Kitchen/FreeKitchen/Models/FreeLamp.fbx
  artifactKey: Guid(dfa479f5f208b4bb4ae3ecf2345b1710) Importer(815301076,1909f56bfc062723c751e8b465ee728b)
Start importing Assets/Kitchen/Package04_Free_Kitchen/FreeKitchen/Models/FreeLamp.fbx using Guid(dfa479f5f208b4bb4ae3ecf2345b1710) Importer(815301076,1909f56bfc062723c751e8b465ee728b)  -> (artifact id: '48a45f61567a9e75068f3a9f219d65f4') in 0.018922 seconds 
========================================================================
Received Import Request.
  Time since last request: 0.000023 seconds.
  path: Assets/Kitchen/Package04_Free_Kitchen/FreeKitchen/Models/FreeCup02.fbx
  artifactKey: Guid(02bdf42aac25342d88e59b946aed3b31) Importer(815301076,1909f56bfc062723c751e8b465ee728b)
Start importing Assets/Kitchen/Package04_Free_Kitchen/FreeKitchen/Models/FreeCup02.fbx using Guid(02bdf42aac25342d88e59b946aed3b31) Importer(815301076,1909f56bfc062723c751e8b465ee728b)  -> (artifact id: '65be26201d6a4042e9a3431f6866d6b8') in 0.021289 seconds 
========================================================================
Received Import Request.
  Time since last request: 0.000022 seconds.
  path: Assets/Kitchen/Package04_Free_Kitchen/FreeKitchen/Models/FreeSpoon.fbx
  artifactKey: Guid(ebf25730584934c188355eb62ca72e7b) Importer(815301076,1909f56bfc062723c751e8b465ee728b)
Start importing Assets/Kitchen/Package04_Free_Kitchen/FreeKitchen/Models/FreeSpoon.fbx using Guid(ebf25730584934c188355eb62ca72e7b) Importer(815301076,1909f56bfc062723c751e8b465ee728b)  -> (artifact id: '9e901e3f694881d16bd42ed0677632bf') in 0.018017 seconds 
========================================================================
Received Import Request.
  Time since last request: 0.000035 seconds.
  path: Assets/Kitchen/Package04_Free_Kitchen/FreeKitchen/Models/FreeCabinet01_DoorLeft.fbx
  artifactKey: Guid(665d38aa7cbdb44158a5b4b71567bb13) Importer(815301076,1909f56bfc062723c751e8b465ee728b)
Start importing Assets/Kitchen/Package04_Free_Kitchen/FreeKitchen/Models/FreeCabinet01_DoorLeft.fbx using Guid(665d38aa7cbdb44158a5b4b71567bb13) Importer(815301076,1909f56bfc062723c751e8b465ee728b)  -> (artifact id: 'fcb1b6920978920510f1fb4e77701c13') in 0.020767 seconds 
========================================================================
Received Import Request.
  Time since last request: 2.018152 seconds.
  path: Assets/Kitchen/Package04_Free_Kitchen/FreeKitchen/Materials
  artifactKey: Guid(f7a2731b036224e969e4d872d30284b5) Importer(815301076,1909f56bfc062723c751e8b465ee728b)
Start importing Assets/Kitchen/Package04_Free_Kitchen/FreeKitchen/Materials using Guid(f7a2731b036224e969e4d872d30284b5) Importer(815301076,1909f56bfc062723c751e8b465ee728b)  -> (artifact id: '824b2681e5a94f156778cc525ddc8fe9') in 0.009561 seconds 
========================================================================
Received Import Request.
  Time since last request: 0.065172 seconds.
  path: Assets/Kitchen/Package04_Free_Kitchen/FreeKitchen/Materials/GroundMaterial.mat
  artifactKey: Guid(7795727b08de5499297abd25be168839) Importer(815301076,1909f56bfc062723c751e8b465ee728b)
Start importing Assets/Kitchen/Package04_Free_Kitchen/FreeKitchen/Materials/GroundMaterial.mat using Guid(7795727b08de5499297abd25be168839) Importer(815301076,1909f56bfc062723c751e8b465ee728b)  -> (artifact id: '99ba2fe0dcda4c1a5909a534a53b56ec') in 0.024946 seconds 
========================================================================
Received Import Request.
  Time since last request: 1.030109 seconds.
  path: Assets/Kitchen/Package04_Free_Kitchen/FreeKitchen/Materials/Version01
  artifactKey: Guid(427deb32e3da34b548c7f33215f44528) Importer(815301076,1909f56bfc062723c751e8b465ee728b)
Start importing Assets/Kitchen/Package04_Free_Kitchen/FreeKitchen/Materials/Version01 using Guid(427deb32e3da34b548c7f33215f44528) Importer(815301076,1909f56bfc062723c751e8b465ee728b)  -> (artifact id: '86f94e5aa146642b90cd87d9bbe14d52') in 0.002852 seconds 
========================================================================
Received Import Request.
  Time since last request: 25.292538 seconds.
  path: Assets/pbr_textures/materials/pbr_material.mat
  artifactKey: Guid(87294f02d9437b8479f6d772f8b00a8d) Importer(815301076,1909f56bfc062723c751e8b465ee728b)
Start importing Assets/pbr_textures/materials/pbr_material.mat using Guid(87294f02d9437b8479f6d772f8b00a8d) Importer(815301076,1909f56bfc062723c751e8b465ee728b)  -> (artifact id: 'a1e908d6b49ac64fa8872c82a0ea4e8d') in 0.036957 seconds 
========================================================================
Received Import Request.
  Time since last request: 61.371285 seconds.
  path: Assets/Plugins/Android
  artifactKey: Guid(3f578eb6b4708f54a8ab02a11451649d) Importer(815301076,1909f56bfc062723c751e8b465ee728b)
Start importing Assets/Plugins/Android using Guid(3f578eb6b4708f54a8ab02a11451649d) Importer(815301076,1909f56bfc062723c751e8b465ee728b)  -> (artifact id: '92aa5eaded00a02693696435b48f3cb0') in 0.007546 seconds 
========================================================================
Received Import Request.
  Time since last request: 1.665339 seconds.
  path: Assets/Plugins/Android/gradleTemplate.properties
  artifactKey: Guid(c75788ca09345da4fbf787a0fdc1fc80) Importer(815301076,1909f56bfc062723c751e8b465ee728b)
Start importing Assets/Plugins/Android/gradleTemplate.properties using Guid(c75788ca09345da4fbf787a0fdc1fc80) Importer(815301076,1909f56bfc062723c751e8b465ee728b)  -> (artifact id: 'fa3c0f7dd04f098612f2ff3f1e84409b') in 0.013074 seconds 
========================================================================
Received Import Request.
  Time since last request: 8.855743 seconds.
  path: Assets/Samples/Google Cardboard XR Plugin for Unity
  artifactKey: Guid(10a5e786378fca744bd84bb13ab66220) Importer(815301076,1909f56bfc062723c751e8b465ee728b)
Start importing Assets/Samples/Google Cardboard XR Plugin for Unity using Guid(10a5e786378fca744bd84bb13ab66220) Importer(815301076,1909f56bfc062723c751e8b465ee728b)  -> (artifact id: '4574b58de3f88f83dfc9e0f1bd0aea7e') in 0.011127 seconds 
========================================================================
Received Import Request.
  Time since last request: 83.758556 seconds.
  path: Assets/Kitchen Assets
  artifactKey: Guid(ea91ae0ae462b6d46acb302c6fd39bc1) Importer(815301076,1909f56bfc062723c751e8b465ee728b)
Start importing Assets/Kitchen Assets using Guid(ea91ae0ae462b6d46acb302c6fd39bc1) Importer(815301076,1909f56bfc062723c751e8b465ee728b)  -> (artifact id: 'eb7600c340c5968466fd4a035434a9bd') in 0.006184 seconds 
========================================================================
Received Import Request.
  Time since last request: 54.008080 seconds.
  path: Assets/Scenes/SampleScene.unity
  artifactKey: Guid(9fc0d4010bbf28b4594072e72b8655ab) Importer(815301076,1909f56bfc062723c751e8b465ee728b)
Start importing Assets/Scenes/SampleScene.unity using Guid(9fc0d4010bbf28b4594072e72b8655ab) Importer(815301076,1909f56bfc062723c751e8b465ee728b)  -> (artifact id: 'e55ccaa32d8e5c1de03c07a5412c8c3c') in 0.009663 seconds 
========================================================================
Received Import Request.
  Time since last request: 2.413236 seconds.
  path: Assets/KitchenScene.unity
  artifactKey: Guid(72d09144e15e1c3408aed2f5ec30e0a1) Importer(815301076,1909f56bfc062723c751e8b465ee728b)
Start importing Assets/KitchenScene.unity using Guid(72d09144e15e1c3408aed2f5ec30e0a1) Importer(815301076,1909f56bfc062723c751e8b465ee728b)  -> (artifact id: '5bce595f9656aa1390b774f5b4dab900') in 0.011814 seconds 
========================================================================
Received Import Request.
  Time since last request: 18.461474 seconds.
  path: Assets/MiLabCardboardExtension/Prefabs
  artifactKey: Guid(c609fddba5489eb46821b078d57ad5bc) Importer(815301076,1909f56bfc062723c751e8b465ee728b)
Start importing Assets/MiLabCardboardExtension/Prefabs using Guid(c609fddba5489eb46821b078d57ad5bc) Importer(815301076,1909f56bfc062723c751e8b465ee728b)  -> (artifact id: 'dc9fcf48c54b2c2c77ef75b82a6bbd73') in 0.011078 seconds 
========================================================================
Received Import Request.
  Time since last request: 0.069188 seconds.
  path: Assets/MiLabCardboardExtension/Prefabs/XRCardboardRig.prefab
  artifactKey: Guid(186741bf17cbb0e4fa3ef06daa1f190f) Importer(815301076,1909f56bfc062723c751e8b465ee728b)
Start importing Assets/MiLabCardboardExtension/Prefabs/XRCardboardRig.prefab using Guid(186741bf17cbb0e4fa3ef06daa1f190f) Importer(815301076,1909f56bfc062723c751e8b465ee728b)  -> (artifact id: '56b944c4c408b7aaec5f834d0054870e') in 0.023915 seconds 
========================================================================
Received Import Request.
  Time since last request: 16.058645 seconds.
  path: Assets/PREFABS
  artifactKey: Guid(edf036a2407aecc4dbeb533a21acab70) Importer(815301076,1909f56bfc062723c751e8b465ee728b)
Start importing Assets/PREFABS using Guid(edf036a2407aecc4dbeb533a21acab70) Importer(815301076,1909f56bfc062723c751e8b465ee728b)  -> (artifact id: 'de1c680758c2fe3c125afa453c27e4fd') in 0.006419 seconds 
========================================================================
Received Import Request.
  Time since last request: 16.989395 seconds.
  path: Assets/SCRIPTS
  artifactKey: Guid(6ea315d0fd7389c41b19996891e99ae3) Importer(815301076,1909f56bfc062723c751e8b465ee728b)
Start importing Assets/SCRIPTS using Guid(6ea315d0fd7389c41b19996891e99ae3) Importer(815301076,1909f56bfc062723c751e8b465ee728b)  -> (artifact id: '84fbeb75072edd2efe5f2735b719f9f4') in 0.007095 seconds 
========================================================================
Received Import Request.
  Time since last request: 1.744636 seconds.
  path: Assets/Highlight.cs
  artifactKey: Guid(48f87085768d53347aa6ba3dc9bd183d) Importer(815301076,1909f56bfc062723c751e8b465ee728b)
Start importing Assets/Highlight.cs using Guid(48f87085768d53347aa6ba3dc9bd183d) Importer(815301076,1909f56bfc062723c751e8b465ee728b)  -> (artifact id: 'f3e6aac606d51f737035bad06e31a562') in 0.013867 seconds 
========================================================================
Received Import Request.
  Time since last request: 1.933984 seconds.
  path: Assets/OpenDoor.cs
  artifactKey: Guid(3c8157173365f454a88f637863996923) Importer(815301076,1909f56bfc062723c751e8b465ee728b)
Start importing Assets/OpenDoor.cs using Guid(3c8157173365f454a88f637863996923) Importer(815301076,1909f56bfc062723c751e8b465ee728b)  -> (artifact id: 'd8de081cc7927043b636ba73034f9ea1') in 0.007502 seconds 
========================================================================
Received Prepare
Registering precompiled user dll's ...
Registered in 0.008338 seconds.
Begin MonoManager ReloadAssembly
Symbol file LoadedFromMemory doesn't match image C:\Users\miche\GreatVRCookOff\Library\PackageCache\com.unity.visualscripting@1.7.8\Editor\VisualScripting.Core\Dependencies\YamlDotNet\Unity.VisualScripting.YamlDotNet.dll
Symbol file LoadedFromMemory doesn't match image C:\Users\miche\GreatVRCookOff\Library\PackageCache\com.unity.visualscripting@1.7.8\Editor\VisualScripting.Core\Dependencies\DotNetZip\Unity.VisualScripting.IonicZip.dll
Native extension for WindowsStandalone target not found
Native extension for Android target not found
Refreshing native plugins compatible for Editor in 0.74 ms, found 3 plugins.
Preloading 0 native plugins for Editor in 0.00 ms.
Mono: successfully reloaded assembly
- Completed reload, in  1.007 seconds
Domain Reload Profiling:
	ReloadAssembly (1008ms)
		BeginReloadAssembly (125ms)
			ExecutionOrderSort (0ms)
			DisableScriptedObjects (4ms)
			BackupInstance (0ms)
			ReleaseScriptingObjects (0ms)
			CreateAndSetChildDomain (38ms)
		EndReloadAssembly (783ms)
			LoadAssemblies (79ms)
			RebuildTransferFunctionScriptingTraits (0ms)
			SetupTypeCache (305ms)
			ReleaseScriptCaches (1ms)
			RebuildScriptCaches (37ms)
			SetupLoadedEditorAssemblies (311ms)
				LogAssemblyErrors (0ms)
				InitializePlatformSupportModulesInManaged (18ms)
				SetLoadedEditorAssemblies (0ms)
				RefreshPlugins (1ms)
				BeforeProcessingInitializeOnLoad (58ms)
				ProcessInitializeOnLoadAttributes (203ms)
				ProcessInitializeOnLoadMethodAttributes (24ms)
				AfterProcessingInitializeOnLoad (7ms)
				EditorAssembliesLoaded (0ms)
			ExecutionOrderSort2 (0ms)
			AwakeInstancesAfterBackupRestoration (5ms)
Platform modules already initialized, skipping
Refreshing native plugins compatible for Editor in 1.68 ms, found 3 plugins.
Preloading 0 native plugins for Editor in 0.00 ms.
Unloading 3454 Unused Serialized files (Serialized files now loaded: 0)
Unloading 18 unused Assets / (25.6 KB). Loaded Objects now: 4003.
Memory consumption went from 129.4 MB to 129.3 MB.
Total: 2.760300 ms (FindLiveObjects: 0.262600 ms CreateObjectMapping: 0.234400 ms MarkObjects: 2.242900 ms  DeleteObjects: 0.019800 ms)

AssetImportParameters requested are different than current active one (requested -> active):
  custom:video-decoder-ogg-theora: a1e56fd34408186e4bbccfd4996cb3dc -> 
  custom:container-muxer-webm: aa71ff27fc2769a1b78a27578f13a17b -> 
  custom:container-demuxer-webm: 4f35f7cbe854078d1ac9338744f61a02 -> 
  custom:video-encoder-webm-vp8: eb34c28f22e8b96e1ab97ce403110664 -> 
  custom:video-codec-MediaFoundation-h265: 746d11721c4dcdbdad8f713fa42b33f4 -> 
  custom:audio-encoder-webm-vorbis: bf7c407c2cedff20999df2af8eb42d56 -> 
  custom:framework-win-MediaFoundation: 216162199b28c13a410421893ffa2e32 -> 
  custom:container-demuxer-ogg: 62fdf1f143b41e24485cea50d1cbac27 -> 
  custom:video-decoder-webm-vp8: 9c59270c3fd7afecdb556c50c9e8de78 -> 
  custom:audio-decoder-ogg-vorbis: bf7c407c2cedff20999df2af8eb42d56 -> 
========================================================================
Received Import Request.
  Time since last request: 20.467606 seconds.
  path: Assets/ASSETS
  artifactKey: Guid(ea91ae0ae462b6d46acb302c6fd39bc1) Importer(815301076,1909f56bfc062723c751e8b465ee728b)
Start importing Assets/ASSETS using Guid(ea91ae0ae462b6d46acb302c6fd39bc1) Importer(815301076,1909f56bfc062723c751e8b465ee728b)  -> (artifact id: '051e713c1bb95a6f61426a8b3ede8179') in 0.012030 seconds 
